{"/home/webreflection/code/esimorp/es5.js":{"path":"/home/webreflection/code/esimorp/es5.js","s":{"1":1,"2":1,"3":5,"4":5,"5":5,"6":5,"7":5,"8":2,"9":5,"10":5,"11":5,"12":5,"13":5,"14":1,"15":2,"16":1,"17":7,"18":7,"19":1,"20":1,"21":1,"22":2,"23":1,"24":1,"25":1,"26":1,"27":5,"28":1,"29":1,"30":1},"b":{"1":[2,3],"2":[1,1]},"f":{"1":1,"2":5,"3":5,"4":2,"5":7,"6":2,"7":1,"8":5},"fnMap":{"1":{"name":"(anonymous_1)","line":1,"loc":{"start":{"line":1,"column":15},"end":{"line":1,"column":42}}},"2":{"name":"Esimorp","line":7,"loc":{"start":{"line":7,"column":2},"end":{"line":7,"column":23}}},"3":{"name":"(anonymous_3)","line":9,"loc":{"start":{"line":9,"column":23},"end":{"line":9,"column":50}}},"4":{"name":"setup","line":22,"loc":{"start":{"line":22,"column":2},"end":{"line":22,"column":37}}},"5":{"name":"(anonymous_5)","line":34,"loc":{"start":{"line":34,"column":14},"end":{"line":34,"column":30}}},"6":{"name":"reject","line":43,"loc":{"start":{"line":43,"column":25},"end":{"line":43,"column":43}}},"7":{"name":"resolve","line":47,"loc":{"start":{"line":47,"column":26},"end":{"line":47,"column":45}}},"8":{"name":"(anonymous_8)","line":54,"loc":{"start":{"line":54,"column":11},"end":{"line":54,"column":23}}}},"statementMap":{"1":{"start":{"line":1,"column":0},"end":{"line":60,"column":20}},"2":{"start":{"line":7,"column":2},"end":{"line":20,"column":3}},"3":{"start":{"line":8,"column":4},"end":{"line":8,"column":32}},"4":{"start":{"line":9,"column":4},"end":{"line":14,"column":7}},"5":{"start":{"line":10,"column":6},"end":{"line":10,"column":25}},"6":{"start":{"line":11,"column":6},"end":{"line":11,"column":23}},"7":{"start":{"line":12,"column":6},"end":{"line":13,"column":28}},"8":{"start":{"line":13,"column":8},"end":{"line":13,"column":28}},"9":{"start":{"line":15,"column":4},"end":{"line":15,"column":29}},"10":{"start":{"line":16,"column":4},"end":{"line":16,"column":27}},"11":{"start":{"line":17,"column":4},"end":{"line":17,"column":30}},"12":{"start":{"line":18,"column":4},"end":{"line":18,"column":32}},"13":{"start":{"line":19,"column":4},"end":{"line":19,"column":32}},"14":{"start":{"line":22,"column":2},"end":{"line":28,"column":3}},"15":{"start":{"line":23,"column":4},"end":{"line":27,"column":7}},"16":{"start":{"line":30,"column":2},"end":{"line":38,"column":3}},"17":{"start":{"line":35,"column":16},"end":{"line":35,"column":32}},"18":{"start":{"line":36,"column":16},"end":{"line":36,"column":25}},"19":{"start":{"line":40,"column":2},"end":{"line":40,"column":28}},"20":{"start":{"line":41,"column":2},"end":{"line":41,"column":36}},"21":{"start":{"line":43,"column":2},"end":{"line":45,"column":5}},"22":{"start":{"line":44,"column":4},"end":{"line":44,"column":53}},"23":{"start":{"line":47,"column":2},"end":{"line":49,"column":5}},"24":{"start":{"line":48,"column":4},"end":{"line":48,"column":54}},"25":{"start":{"line":51,"column":2},"end":{"line":56,"column":17}},"26":{"start":{"line":52,"column":4},"end":{"line":55,"column":7}},"27":{"start":{"line":54,"column":25},"end":{"line":54,"column":40}},"28":{"start":{"line":58,"column":2},"end":{"line":58,"column":17}},"29":{"start":{"line":62,"column":0},"end":{"line":62,"column":47}},"30":{"start":{"line":62,"column":6},"end":{"line":62,"column":31}}},"branchMap":{"1":{"line":12,"type":"if","locations":[{"start":{"line":12,"column":6},"end":{"line":12,"column":6}},{"start":{"line":12,"column":6},"end":{"line":12,"column":6}}]},"2":{"line":33,"type":"binary-expr","locations":[{"start":{"line":33,"column":14},"end":{"line":33,"column":35}},{"start":{"line":34,"column":14},"end":{"line":37,"column":15}}]}}}}