TN:
SF:/home/webreflection/code/esimorp/es5.js
FN:1,(anonymous_1)
FN:7,Esimorp
FN:9,(anonymous_3)
FN:22,setup
FN:34,(anonymous_5)
FN:43,reject
FN:47,resolve
FN:54,(anonymous_8)
FNF:8
FNH:8
FNDA:1,(anonymous_1)
FNDA:5,Esimorp
FNDA:5,(anonymous_3)
FNDA:2,setup
FNDA:7,(anonymous_5)
FNDA:2,reject
FNDA:1,resolve
FNDA:5,(anonymous_8)
DA:1,1
DA:7,1
DA:8,5
DA:9,5
DA:10,5
DA:11,5
DA:12,5
DA:13,2
DA:15,5
DA:16,5
DA:17,5
DA:18,5
DA:19,5
DA:22,1
DA:23,2
DA:30,1
DA:35,7
DA:36,7
DA:40,1
DA:41,1
DA:43,1
DA:44,2
DA:47,1
DA:48,1
DA:51,1
DA:52,1
DA:54,5
DA:58,1
DA:62,1
LF:29
LH:29
BRDA:12,1,0,2
BRDA:12,1,1,3
BRDA:33,2,0,1
BRDA:33,2,1,1
BRF:4
BRH:4
end_of_record
